<?xml version="1.0" encoding="UTF-8"?>
<!-- Generated by org.testng.reporters.JUnitXMLReporter -->
<testsuite ignored="0" hostname="DESKTOP-KC6CDCF" failures="1" tests="2" name="Test" time="29.346" errors="0" timestamp="2024-01-26T19:30:35 IST">
  <testcase classname="testCases.LoginTest" name="invalidLoginToCRM" time="0.241"/>
  <testcase classname="testCases.LoginTest" name="validLoginToCRMELEM1397" time="5.251">
    <failure type="java.lang.AssertionError" message="expected [true] but found [false]">
      <![CDATA[java.lang.AssertionError: expected [true] but found [false]
at testCases.LoginTest.validLoginToCRMELEM1397(LoginTest.java:36)
at java.base/java.util.ArrayList.forEach(ArrayList.java:1541)
... Removed 35 stack frames]]>
    </failure>
  </testcase> <!-- validLoginToCRMELEM1397 -->
</testsuite> <!-- Test -->
