<?xml version="1.0" encoding="UTF-8"?>
<testng-results ignored="0" total="2" passed="2" failed="0" skipped="0">
  <reporter-output>
    <line>
      <![CDATA[LOG:INFO- Running Before Class- Setting Up Browser]]>
    </line>
    <line>
      <![CDATA[LOG:INFO- Browser And Application Is Up And Running]]>
    </line>
    <line>
      <![CDATA[LOG:INFO- Running After Class- Closing Browser]]>
    </line>
    <line>
      <![CDATA[LOG:INFO- Browser Closed]]>
    </line>
    <line>
      <![CDATA[LOG:INFO- Running Before Class- Setting Up Browser]]>
    </line>
    <line>
      <![CDATA[LOG:INFO- Browser And Application Is Up And Running]]>
    </line>
    <line>
      <![CDATA[LOG:INFO- Running After Class- Closing Browser]]>
    </line>
    <line>
      <![CDATA[LOG:INFO- Browser Closed]]>
    </line>
  </reporter-output>
  <suite started-at="2024-01-26T21:42:14 IST" name="Suite" finished-at="2024-01-26T21:42:47 IST" duration-ms="32250">
    <groups>
      <group name="smoke">
        <method signature="LoginTest.invalidLoginToCRM()[pri:1, instance:testCases.LoginTest@a4add54]" name="invalidLoginToCRM" class="testCases.LoginTest"/>
        <method signature="LoginTest.validLoginToCRMELEM1397()[pri:2, instance:testCases.LoginTest@a4add54]" name="validLoginToCRMELEM1397" class="testCases.LoginTest"/>
      </group> <!-- smoke -->
    </groups>
    <test started-at="2024-01-26T21:42:14 IST" name="Test" finished-at="2024-01-26T21:42:47 IST" duration-ms="32250">
      <class name="testCases.LoginTest">
        <test-method is-config="true" signature="setup(java.lang.String)[pri:0, instance:testCases.LoginTest@a4add54]" started-at="2024-01-26T21:42:14 IST" name="setup" finished-at="2024-01-26T21:42:28 IST" duration-ms="13426" status="PASS">
          <params>
            <param index="0">
              <value>
                <![CDATA[chrome]]>
              </value>
            </param>
          </params>
          <reporter-output>
            <line>
              <![CDATA[LOG:INFO- Running Before Class- Setting Up Browser]]>
            </line>
            <line>
              <![CDATA[LOG:INFO- Browser And Application Is Up And Running]]>
            </line>
          </reporter-output>
        </test-method> <!-- setup -->
        <test-method signature="invalidLoginToCRM()[pri:1, instance:testCases.LoginTest@a4add54]" started-at="2024-01-26T21:42:28 IST" name="invalidLoginToCRM" description="ELEM1396_testing invalid login test" finished-at="2024-01-26T21:42:28 IST" duration-ms="257" status="PASS">
          <reporter-output>
          </reporter-output>
        </test-method> <!-- invalidLoginToCRM -->
        <test-method is-config="true" signature="tearDown()[pri:0, instance:testCases.LoginTest@a4add54]" started-at="2024-01-26T21:42:28 IST" name="tearDown" finished-at="2024-01-26T21:42:29 IST" duration-ms="259" status="PASS">
          <reporter-output>
            <line>
              <![CDATA[LOG:INFO- Running After Class- Closing Browser]]>
            </line>
            <line>
              <![CDATA[LOG:INFO- Browser Closed]]>
            </line>
          </reporter-output>
        </test-method> <!-- tearDown -->
        <test-method is-config="true" signature="setup(java.lang.String)[pri:0, instance:testCases.LoginTest@a4add54]" started-at="2024-01-26T21:42:29 IST" name="setup" finished-at="2024-01-26T21:42:39 IST" duration-ms="10694" status="PASS">
          <params>
            <param index="0">
              <value>
                <![CDATA[chrome]]>
              </value>
            </param>
          </params>
          <reporter-output>
            <line>
              <![CDATA[LOG:INFO- Running Before Class- Setting Up Browser]]>
            </line>
            <line>
              <![CDATA[LOG:INFO- Browser And Application Is Up And Running]]>
            </line>
          </reporter-output>
        </test-method> <!-- setup -->
        <test-method signature="validLoginToCRMELEM1397()[pri:2, instance:testCases.LoginTest@a4add54]" started-at="2024-01-26T21:42:39 IST" name="validLoginToCRMELEM1397" description="ELEM1397_testing invalid login test" finished-at="2024-01-26T21:42:46 IST" duration-ms="6613" status="PASS">
          <reporter-output>
          </reporter-output>
        </test-method> <!-- validLoginToCRMELEM1397 -->
        <test-method is-config="true" signature="tearDown()[pri:0, instance:testCases.LoginTest@a4add54]" started-at="2024-01-26T21:42:46 IST" name="tearDown" finished-at="2024-01-26T21:42:47 IST" duration-ms="392" status="PASS">
          <reporter-output>
            <line>
              <![CDATA[LOG:INFO- Running After Class- Closing Browser]]>
            </line>
            <line>
              <![CDATA[LOG:INFO- Browser Closed]]>
            </line>
          </reporter-output>
        </test-method> <!-- tearDown -->
      </class> <!-- testCases.LoginTest -->
    </test> <!-- Test -->
  </suite> <!-- Suite -->
</testng-results>
