<?xml version="1.0" encoding="UTF-8"?>
<testng-results ignored="0" total="2" passed="2" failed="0" skipped="0">
  <reporter-output>
    <line>
      <![CDATA[LOG:INFO- Running Before Class- Setting Up Browser]]>
    </line>
    <line>
      <![CDATA[LOG:INFO- Browser And Application Is Up And Running]]>
    </line>
    <line>
      <![CDATA[LOG:INFO- Running After Class- Closing Browser]]>
    </line>
    <line>
      <![CDATA[LOG:INFO- Browser Closed]]>
    </line>
    <line>
      <![CDATA[LOG:INFO- Running Before Class- Setting Up Browser]]>
    </line>
    <line>
      <![CDATA[LOG:INFO- Browser And Application Is Up And Running]]>
    </line>
    <line>
      <![CDATA[LOG:INFO- Running After Class- Closing Browser]]>
    </line>
    <line>
      <![CDATA[LOG:INFO- Browser Closed]]>
    </line>
  </reporter-output>
  <suite started-at="2024-01-17T23:07:43 IST" name="Suite" finished-at="2024-01-17T23:08:09 IST" duration-ms="25601">
    <groups>
    </groups>
    <test started-at="2024-01-17T23:07:43 IST" name="Test" finished-at="2024-01-17T23:08:09 IST" duration-ms="25601">
      <class name="testCases.LoginTest">
        <test-method is-config="true" signature="setup(java.lang.String)[pri:0, instance:testCases.LoginTest@3adcc812]" started-at="2024-01-17T23:07:43 IST" name="setup" finished-at="2024-01-17T23:07:56 IST" duration-ms="13209" status="PASS">
          <params>
            <param index="0">
              <value>
                <![CDATA[chrome]]>
              </value>
            </param>
          </params>
          <reporter-output>
            <line>
              <![CDATA[LOG:INFO- Running Before Class- Setting Up Browser]]>
            </line>
            <line>
              <![CDATA[LOG:INFO- Browser And Application Is Up And Running]]>
            </line>
          </reporter-output>
        </test-method> <!-- setup -->
        <test-method signature="invalidLoginToCRM()[pri:1, instance:testCases.LoginTest@3adcc812]" started-at="2024-01-17T23:07:56 IST" name="invalidLoginToCRM" finished-at="2024-01-17T23:07:57 IST" duration-ms="330" status="PASS">
          <reporter-output>
          </reporter-output>
        </test-method> <!-- invalidLoginToCRM -->
        <test-method is-config="true" signature="tearDown()[pri:0, instance:testCases.LoginTest@3adcc812]" started-at="2024-01-17T23:07:57 IST" name="tearDown" finished-at="2024-01-17T23:07:58 IST" duration-ms="334" status="PASS">
          <reporter-output>
            <line>
              <![CDATA[LOG:INFO- Running After Class- Closing Browser]]>
            </line>
            <line>
              <![CDATA[LOG:INFO- Browser Closed]]>
            </line>
          </reporter-output>
        </test-method> <!-- tearDown -->
        <test-method is-config="true" signature="setup(java.lang.String)[pri:0, instance:testCases.LoginTest@3adcc812]" started-at="2024-01-17T23:07:58 IST" name="setup" finished-at="2024-01-17T23:08:08 IST" duration-ms="10587" status="PASS">
          <params>
            <param index="0">
              <value>
                <![CDATA[chrome]]>
              </value>
            </param>
          </params>
          <reporter-output>
            <line>
              <![CDATA[LOG:INFO- Running Before Class- Setting Up Browser]]>
            </line>
            <line>
              <![CDATA[LOG:INFO- Browser And Application Is Up And Running]]>
            </line>
          </reporter-output>
        </test-method> <!-- setup -->
        <test-method signature="validLoginToCRM()[pri:2, instance:testCases.LoginTest@3adcc812]" started-at="2024-01-17T23:08:08 IST" name="validLoginToCRM" finished-at="2024-01-17T23:08:08 IST" duration-ms="7" status="PASS">
          <reporter-output>
          </reporter-output>
        </test-method> <!-- validLoginToCRM -->
        <test-method is-config="true" signature="tearDown()[pri:0, instance:testCases.LoginTest@3adcc812]" started-at="2024-01-17T23:08:08 IST" name="tearDown" finished-at="2024-01-17T23:08:09 IST" duration-ms="323" status="PASS">
          <reporter-output>
            <line>
              <![CDATA[LOG:INFO- Running After Class- Closing Browser]]>
            </line>
            <line>
              <![CDATA[LOG:INFO- Browser Closed]]>
            </line>
          </reporter-output>
        </test-method> <!-- tearDown -->
      </class> <!-- testCases.LoginTest -->
    </test> <!-- Test -->
  </suite> <!-- Suite -->
</testng-results>
