<?xml version="1.0" encoding="UTF-8"?>
<testng-results ignored="0" total="2" passed="1" failed="1" skipped="0">
  <reporter-output>
    <line>
      <![CDATA[LOG:INFO- Running Before Class- Setting Up Browser]]>
    </line>
    <line>
      <![CDATA[LOG:INFO- Browser And Application Is Up And Running]]>
    </line>
    <line>
      <![CDATA[LOG:INFO- Running After Class- Closing Browser]]>
    </line>
    <line>
      <![CDATA[LOG:INFO- Browser Closed]]>
    </line>
    <line>
      <![CDATA[LOG:INFO- Running Before Class- Setting Up Browser]]>
    </line>
    <line>
      <![CDATA[LOG:INFO- Browser And Application Is Up And Running]]>
    </line>
    <line>
      <![CDATA[LOG:INFO- Running After Class- Closing Browser]]>
    </line>
    <line>
      <![CDATA[LOG:INFO- Browser Closed]]>
    </line>
  </reporter-output>
  <suite started-at="2024-01-15T23:00:29 IST" name="Suite" finished-at="2024-01-15T23:01:19 IST" duration-ms="49850">
    <groups>
    </groups>
    <test started-at="2024-01-15T23:00:29 IST" name="Test" finished-at="2024-01-15T23:01:19 IST" duration-ms="49850">
      <class name="testCases.LoginTest">
        <test-method is-config="true" signature="setup()[pri:0, instance:testCases.LoginTest@2631f68c]" started-at="2024-01-15T23:00:29 IST" name="setup" finished-at="2024-01-15T23:00:42 IST" duration-ms="12900" status="PASS">
          <reporter-output>
            <line>
              <![CDATA[LOG:INFO- Running Before Class- Setting Up Browser]]>
            </line>
            <line>
              <![CDATA[LOG:INFO- Browser And Application Is Up And Running]]>
            </line>
          </reporter-output>
        </test-method> <!-- setup -->
        <test-method signature="invalidLoginToCRM()[pri:1, instance:testCases.LoginTest@2631f68c]" started-at="2024-01-15T23:00:42 IST" name="invalidLoginToCRM" finished-at="2024-01-15T23:00:42 IST" duration-ms="257" status="PASS">
          <reporter-output>
          </reporter-output>
        </test-method> <!-- invalidLoginToCRM -->
        <test-method is-config="true" signature="tearDown()[pri:0, instance:testCases.LoginTest@2631f68c]" started-at="2024-01-15T23:00:42 IST" name="tearDown" finished-at="2024-01-15T23:00:43 IST" duration-ms="248" status="PASS">
          <reporter-output>
            <line>
              <![CDATA[LOG:INFO- Running After Class- Closing Browser]]>
            </line>
            <line>
              <![CDATA[LOG:INFO- Browser Closed]]>
            </line>
          </reporter-output>
        </test-method> <!-- tearDown -->
        <test-method is-config="true" signature="setup()[pri:0, instance:testCases.LoginTest@2631f68c]" started-at="2024-01-15T23:00:43 IST" name="setup" finished-at="2024-01-15T23:00:53 IST" duration-ms="10382" status="PASS">
          <reporter-output>
            <line>
              <![CDATA[LOG:INFO- Running Before Class- Setting Up Browser]]>
            </line>
            <line>
              <![CDATA[LOG:INFO- Browser And Application Is Up And Running]]>
            </line>
          </reporter-output>
        </test-method> <!-- setup -->
        <test-method signature="validLoginToCRM()[pri:2, instance:testCases.LoginTest@2631f68c]" started-at="2024-01-15T23:00:53 IST" name="validLoginToCRM" finished-at="2024-01-15T23:01:19 IST" duration-ms="25593" status="FAIL">
          <exception class="org.openqa.selenium.NoSuchElementException">
            <message>
              <![CDATA[no such element: Unable to locate element: {"method":"xpath","selector":"//a[normalize-space()='Logout']"}
  (Session info: chrome=120.0.6099.217)
For documentation on this error, please visit: https://www.selenium.dev/documentation/webdriver/troubleshooting/errors#no-such-element-exception
Build info: version: '4.11.0', revision: '040bc5406b'
System info: os.name: 'Windows 10', os.arch: 'amd64', os.version: '10.0', java.version: '11.0.19'
Driver info: org.openqa.selenium.chrome.ChromeDriver
Command: [dfd3db664a629c7809fa344001fac7f3, findElement {using=xpath, value=//a[normalize-space()='Logout']}]
Capabilities {acceptInsecureCerts: false, browserName: chrome, browserVersion: 120.0.6099.217, chrome: {chromedriverVersion: 120.0.6099.109 (3419140ab66..., userDataDir: C:\Users\PankajSS\AppData\L...}, fedcm:accounts: true, goog:chromeOptions: {debuggerAddress: localhost:59098}, networkConnectionEnabled: false, pageLoadStrategy: normal, platformName: windows, proxy: Proxy(), se:cdp: ws://localhost:59098/devtoo..., se:cdpVersion: 120.0.6099.217, setWindowRect: true, strictFileInteractability: false, timeouts: {implicit: 0, pageLoad: 300000, script: 30000}, unhandledPromptBehavior: dismiss and notify, webauthn:extension:credBlob: true, webauthn:extension:largeBlob: true, webauthn:extension:minPinLength: true, webauthn:extension:prf: true, webauthn:virtualAuthenticators: true}
Session ID: dfd3db664a629c7809fa344001fac7f3]]>
            </message>
            <full-stacktrace>
              <![CDATA[org.openqa.selenium.NoSuchElementException: no such element: Unable to locate element: {"method":"xpath","selector":"//a[normalize-space()='Logout']"}
  (Session info: chrome=120.0.6099.217)
For documentation on this error, please visit: https://www.selenium.dev/documentation/webdriver/troubleshooting/errors#no-such-element-exception
Build info: version: '4.11.0', revision: '040bc5406b'
System info: os.name: 'Windows 10', os.arch: 'amd64', os.version: '10.0', java.version: '11.0.19'
Driver info: org.openqa.selenium.chrome.ChromeDriver
Command: [dfd3db664a629c7809fa344001fac7f3, findElement {using=xpath, value=//a[normalize-space()='Logout']}]
Capabilities {acceptInsecureCerts: false, browserName: chrome, browserVersion: 120.0.6099.217, chrome: {chromedriverVersion: 120.0.6099.109 (3419140ab66..., userDataDir: C:\Users\PankajSS\AppData\L...}, fedcm:accounts: true, goog:chromeOptions: {debuggerAddress: localhost:59098}, networkConnectionEnabled: false, pageLoadStrategy: normal, platformName: windows, proxy: Proxy(), se:cdp: ws://localhost:59098/devtoo..., se:cdpVersion: 120.0.6099.217, setWindowRect: true, strictFileInteractability: false, timeouts: {implicit: 0, pageLoad: 300000, script: 30000}, unhandledPromptBehavior: dismiss and notify, webauthn:extension:credBlob: true, webauthn:extension:largeBlob: true, webauthn:extension:minPinLength: true, webauthn:extension:prf: true, webauthn:virtualAuthenticators: true}
Session ID: dfd3db664a629c7809fa344001fac7f3
at java.base/jdk.internal.reflect.NativeConstructorAccessorImpl.newInstance0(Native Method)
at java.base/jdk.internal.reflect.NativeConstructorAccessorImpl.newInstance(NativeConstructorAccessorImpl.java:62)
at java.base/jdk.internal.reflect.DelegatingConstructorAccessorImpl.newInstance(DelegatingConstructorAccessorImpl.java:45)
at java.base/java.lang.reflect.Constructor.newInstance(Constructor.java:490)
at org.openqa.selenium.remote.codec.w3c.W3CHttpResponseCodec.createException(W3CHttpResponseCodec.java:200)
at org.openqa.selenium.remote.codec.w3c.W3CHttpResponseCodec.decode(W3CHttpResponseCodec.java:133)
at org.openqa.selenium.remote.codec.w3c.W3CHttpResponseCodec.decode(W3CHttpResponseCodec.java:52)
at org.openqa.selenium.remote.HttpCommandExecutor.execute(HttpCommandExecutor.java:191)
at org.openqa.selenium.remote.service.DriverCommandExecutor.invokeExecute(DriverCommandExecutor.java:196)
at org.openqa.selenium.remote.service.DriverCommandExecutor.execute(DriverCommandExecutor.java:171)
at org.openqa.selenium.remote.RemoteWebDriver.execute(RemoteWebDriver.java:518)
at org.openqa.selenium.remote.ElementLocation$ElementFinder$2.findElement(ElementLocation.java:165)
at org.openqa.selenium.remote.ElementLocation.findElement(ElementLocation.java:59)
at org.openqa.selenium.remote.RemoteWebDriver.findElement(RemoteWebDriver.java:355)
at org.openqa.selenium.remote.RemoteWebDriver.findElement(RemoteWebDriver.java:349)
at pages.LandingPage.logout(LandingPage.java:23)
at testCases.LoginTest.validLoginToCRM(LoginTest.java:31)
at java.base/jdk.internal.reflect.NativeMethodAccessorImpl.invoke0(Native Method)
at java.base/jdk.internal.reflect.NativeMethodAccessorImpl.invoke(NativeMethodAccessorImpl.java:62)
at java.base/jdk.internal.reflect.DelegatingMethodAccessorImpl.invoke(DelegatingMethodAccessorImpl.java:43)
at java.base/java.lang.reflect.Method.invoke(Method.java:566)
at org.testng.internal.invokers.MethodInvocationHelper.invokeMethod(MethodInvocationHelper.java:139)
at org.testng.internal.invokers.TestInvoker.invokeMethod(TestInvoker.java:664)
at org.testng.internal.invokers.TestInvoker.invokeTestMethod(TestInvoker.java:227)
at org.testng.internal.invokers.MethodRunner.runInSequence(MethodRunner.java:50)
at org.testng.internal.invokers.TestInvoker$MethodInvocationAgent.invoke(TestInvoker.java:957)
at org.testng.internal.invokers.TestInvoker.invokeTestMethods(TestInvoker.java:200)
at org.testng.internal.invokers.TestMethodWorker.invokeTestMethods(TestMethodWorker.java:148)
at org.testng.internal.invokers.TestMethodWorker.run(TestMethodWorker.java:128)
at java.base/java.util.ArrayList.forEach(ArrayList.java:1541)
at org.testng.TestRunner.privateRun(TestRunner.java:848)
at org.testng.TestRunner.run(TestRunner.java:621)
at org.testng.SuiteRunner.runTest(SuiteRunner.java:443)
at org.testng.SuiteRunner.runSequentially(SuiteRunner.java:437)
at org.testng.SuiteRunner.privateRun(SuiteRunner.java:397)
at org.testng.SuiteRunner.run(SuiteRunner.java:336)
at org.testng.SuiteRunnerWorker.runSuite(SuiteRunnerWorker.java:52)
at org.testng.SuiteRunnerWorker.run(SuiteRunnerWorker.java:95)
at org.testng.TestNG.runSuitesSequentially(TestNG.java:1280)
at org.testng.TestNG.runSuitesLocally(TestNG.java:1200)
at org.testng.TestNG.runSuites(TestNG.java:1114)
at org.testng.TestNG.run(TestNG.java:1082)
at org.testng.remote.AbstractRemoteTestNG.run(AbstractRemoteTestNG.java:115)
at org.testng.remote.RemoteTestNG.initAndRun(RemoteTestNG.java:251)
at org.testng.remote.RemoteTestNG.main(RemoteTestNG.java:77)
]]>
            </full-stacktrace>
          </exception> <!-- org.openqa.selenium.NoSuchElementException -->
          <reporter-output>
          </reporter-output>
        </test-method> <!-- validLoginToCRM -->
        <test-method is-config="true" signature="tearDown()[pri:0, instance:testCases.LoginTest@2631f68c]" started-at="2024-01-15T23:01:19 IST" name="tearDown" finished-at="2024-01-15T23:01:19 IST" duration-ms="259" status="PASS">
          <reporter-output>
            <line>
              <![CDATA[LOG:INFO- Running After Class- Closing Browser]]>
            </line>
            <line>
              <![CDATA[LOG:INFO- Browser Closed]]>
            </line>
          </reporter-output>
        </test-method> <!-- tearDown -->
      </class> <!-- testCases.LoginTest -->
    </test> <!-- Test -->
  </suite> <!-- Suite -->
</testng-results>
